

times in msec
 clock   self+sourced   self:  sourced script
 clock   elapsed:              other lines

000.006  000.006: --- NVIM STARTING ---
000.417  000.411: locale set
000.817  000.400: inits 1
000.836  000.019: window checked
000.843  000.007: parsing arguments
003.463  002.620: init lua interpreter
003.699  000.236: expanding arguments
003.731  000.033: inits 2
004.380  000.649: init highlight
004.382  000.002: waiting for UI
005.507  001.125: done waiting for UI
005.522  000.015: init screen for UI
005.556  000.034: init default mappings
005.609  000.053: init default autocommands
006.447  000.067  000.067: sourcing /home/linuxbrew/.linuxbrew/Cellar/neovim/0.7.2_1/share/nvim/runtime/ftplugin.vim
006.519  000.037  000.037: sourcing /home/linuxbrew/.linuxbrew/Cellar/neovim/0.7.2_1/share/nvim/runtime/indent.vim
008.553  001.734  001.734: sourcing /home/kadoma/.local/share/nvim/site/autoload/plug.vim
013.044  000.032  000.032: sourcing /home/linuxbrew/.linuxbrew/Cellar/neovim/0.7.2_1/share/nvim/runtime/ftoff.vim
015.507  000.080  000.080: sourcing /home/linuxbrew/.linuxbrew/Cellar/neovim/0.7.2_1/share/nvim/runtime/filetype.lua
022.966  007.437  007.437: sourcing /home/linuxbrew/.linuxbrew/Cellar/neovim/0.7.2_1/share/nvim/runtime/filetype.vim
023.109  000.013  000.013: sourcing /home/linuxbrew/.linuxbrew/Cellar/neovim/0.7.2_1/share/nvim/runtime/ftplugin.vim
023.196  000.009  000.009: sourcing /home/linuxbrew/.linuxbrew/Cellar/neovim/0.7.2_1/share/nvim/runtime/indent.vim
023.407  000.089  000.089: sourcing /home/linuxbrew/.linuxbrew/Cellar/neovim/0.7.2_1/share/nvim/runtime/syntax/synload.vim
023.500  000.272  000.183: sourcing /home/linuxbrew/.linuxbrew/Cellar/neovim/0.7.2_1/share/nvim/runtime/syntax/syntax.vim
023.951  000.362  000.362: sourcing /home/linuxbrew/.linuxbrew/Cellar/neovim/0.7.2_1/share/nvim/runtime/syntax/nosyntax.vim
024.107  000.079  000.079: sourcing /home/linuxbrew/.linuxbrew/Cellar/neovim/0.7.2_1/share/nvim/runtime/syntax/synload.vim
024.172  000.614  000.172: sourcing /home/linuxbrew/.linuxbrew/Cellar/neovim/0.7.2_1/share/nvim/runtime/syntax/syntax.vim
024.572  000.117  000.117: sourcing /home/kadoma/.config/nvim/plugged/everforest/autoload/everforest.vim
030.380  000.021  000.021: sourcing /home/kadoma/.config/nvim/plugged/everforest/after/syntax/text/everforest.vim
030.395  006.001  005.863: sourcing /home/kadoma/.config/nvim/plugged/everforest/colors/everforest.vim
043.061  036.489  020.298: sourcing /home/kadoma/.config/nvim/init.vim
043.068  000.865: sourcing vimrc file(s)
043.484  000.182  000.182: sourcing /home/kadoma/.config/nvim/plugged/vim-gitbranch/plugin/gitbranch.vim
043.720  000.072  000.072: sourcing /home/kadoma/.config/nvim/plugged/coc.nvim/autoload/coc/rpc.vim
044.133  000.370  000.370: sourcing /home/kadoma/.config/nvim/plugged/coc.nvim/autoload/coc/util.vim
044.452  000.165  000.165: sourcing /home/kadoma/.config/nvim/plugged/coc.nvim/autoload/coc/client.vim
049.356  005.819  005.211: sourcing /home/kadoma/.config/nvim/plugged/coc.nvim/plugin/coc.vim
049.854  000.406  000.406: sourcing /home/kadoma/.config/nvim/plugged/lightline.vim/plugin/lightline.vim
050.226  000.311  000.311: sourcing /home/kadoma/.config/nvim/plugged/lexima.vim/plugin/lexima.vim
050.385  000.095  000.095: sourcing /home/kadoma/.config/nvim/plugged/FixCursorHold.nvim/plugin/fix_cursorhold_nvim.vim
050.560  000.126  000.126: sourcing /home/kadoma/.config/nvim/plugged/fern.vim/plugin/fern.vim
050.957  000.225  000.225: sourcing /home/kadoma/.config/nvim/plugged/fern.vim/autoload/vital/fern.vim
051.173  000.083  000.083: sourcing /home/kadoma/.config/nvim/plugged/fern.vim/autoload/vital/_fern/Config.vim
051.245  000.018  000.018: sourcing /home/kadoma/.config/nvim/plugged/fern.vim/autoload/vital/_fern.vim
051.667  000.988  000.661: sourcing /home/kadoma/.config/nvim/plugged/fern.vim/autoload/fern.vim
051.678  001.061  000.073: sourcing /home/kadoma/.config/nvim/plugged/fern-renderer-nerdfont.vim/plugin/fern_renderer_nerdfont.vim
051.871  000.071  000.071: sourcing /home/kadoma/.config/nvim/plugged/glyph-palette.vim/autoload/glyph_palette/defaults.vim
052.160  000.424  000.354: sourcing /home/kadoma/.config/nvim/plugged/glyph-palette.vim/plugin/glyph_palette.vim
052.261  000.036  000.036: sourcing /home/kadoma/.config/nvim/plugged/plenary.nvim/plugin/plenary.vim
052.733  000.065  000.065: sourcing /home/kadoma/.config/nvim/plugged/vim-wintabs/autoload/wintabs/renderers.vim
052.983  000.054  000.054: sourcing /home/kadoma/.config/nvim/plugged/vim-wintabs/autoload/wintabs/session.vim
053.132  000.039  000.039: sourcing /home/kadoma/.config/nvim/plugged/vim-wintabs/autoload/wintabs/undo.vim
053.539  000.296  000.296: sourcing /home/kadoma/.config/nvim/plugged/vim-wintabs/autoload/wintabs.vim
053.935  001.600  001.147: sourcing /home/kadoma/.config/nvim/plugged/vim-wintabs/plugin/wintabs.vim
054.391  000.090  000.090: sourcing /home/kadoma/.config/nvim/plugged/vim-wintabs-powerline/autoload/wintabs_powerline.vim
055.460  001.390  001.300: sourcing /home/kadoma/.config/nvim/plugged/vim-wintabs-powerline/plugin/wintabs_powerline.vim
055.915  000.022  000.022: sourcing /home/linuxbrew/.linuxbrew/Cellar/neovim/0.7.2_1/share/nvim/runtime/plugin/gzip.vim
055.973  000.017  000.017: sourcing /home/linuxbrew/.linuxbrew/Cellar/neovim/0.7.2_1/share/nvim/runtime/plugin/health.vim
056.025  000.013  000.013: sourcing /home/linuxbrew/.linuxbrew/Cellar/neovim/0.7.2_1/share/nvim/runtime/plugin/man.vim
056.095  000.017  000.017: sourcing /home/linuxbrew/.linuxbrew/Cellar/neovim/0.7.2_1/share/nvim/runtime/plugin/matchit.vim
056.150  000.016  000.016: sourcing /home/linuxbrew/.linuxbrew/Cellar/neovim/0.7.2_1/share/nvim/runtime/plugin/matchparen.vim
056.239  000.057  000.057: sourcing /home/linuxbrew/.linuxbrew/Cellar/neovim/0.7.2_1/share/nvim/runtime/plugin/netrwPlugin.vim
056.283  000.011  000.011: sourcing /home/linuxbrew/.linuxbrew/Cellar/neovim/0.7.2_1/share/nvim/runtime/plugin/rplugin.vim
056.330  000.009  000.009: sourcing /home/linuxbrew/.linuxbrew/Cellar/neovim/0.7.2_1/share/nvim/runtime/plugin/shada.vim
056.368  000.009  000.009: sourcing /home/linuxbrew/.linuxbrew/Cellar/neovim/0.7.2_1/share/nvim/runtime/plugin/spellfile.vim
056.409  000.014  000.014: sourcing /home/linuxbrew/.linuxbrew/Cellar/neovim/0.7.2_1/share/nvim/runtime/plugin/tarPlugin.vim
056.447  000.010  000.010: sourcing /home/linuxbrew/.linuxbrew/Cellar/neovim/0.7.2_1/share/nvim/runtime/plugin/tohtml.vim
056.483  000.008  000.008: sourcing /home/linuxbrew/.linuxbrew/Cellar/neovim/0.7.2_1/share/nvim/runtime/plugin/tutor.vim
056.524  000.014  000.014: sourcing /home/linuxbrew/.linuxbrew/Cellar/neovim/0.7.2_1/share/nvim/runtime/plugin/zipPlugin.vim
057.328  000.488  000.488: sourcing /home/kadoma/.config/nvim/plugged/telescope.nvim/plugin/telescope.lua
057.574  002.353: loading rtp plugins
057.733  000.159: loading packages
058.393  000.591  000.591: sourcing /home/kadoma/.config/nvim/plugged/indentLine/after/plugin/indentLine.vim
058.461  000.137: loading after plugins
058.477  000.016: inits 3
059.958  001.481: reading ShaDa
060.689  000.730: opening buffers
060.782  000.057  000.057: sourcing /home/kadoma/.config/nvim/plugged/vim-gitbranch/autoload/gitbranch.vim
061.196  000.306  000.306: sourcing /home/kadoma/.config/nvim/plugged/lightline.vim/autoload/lightline.vim
061.677  000.039  000.039: sourcing /home/kadoma/.config/nvim/plugged/lightline.vim/autoload/lightline/tab.vim
062.398  000.173  000.173: sourcing /home/kadoma/.config/nvim/plugged/lightline.vim/autoload/lightline/colorscheme.vim
063.185  001.377  001.204: sourcing /home/kadoma/.config/nvim/plugged/everforest/autoload/lightline/colorscheme/everforest.vim
065.910  003.443: BufEnter autocommands
065.915  000.005: editing files in windows
066.933  001.018: VimEnter autocommands
066.938  000.005: UIEnter autocommands
067.274  000.213  000.213: sourcing /home/linuxbrew/.linuxbrew/Cellar/neovim/0.7.2_1/share/nvim/runtime/autoload/provider/clipboard.vim
067.283  000.132: before starting main loop
067.537  000.111  000.111: sourcing /home/kadoma/.config/nvim/plugged/vim-wintabs/autoload/wintabs/ui.vim
067.809  000.022  000.022: sourcing /home/kadoma/.config/nvim/plugged/vim-wintabs/autoload/wintabs/memoize.vim
068.112  000.088  000.088: sourcing /home/kadoma/.config/nvim/plugged/vim-wintabs/autoload/wintabs/element.vim
070.224  002.719: first screen update
070.227  000.003: --- NVIM STARTED ---
